  App.cpp
D:\projects\OpenGLFromDocument\OpenGLFromDocument\OpenGLFromDocument\src\App.cpp(6,10): warning C4067: unexpected tokens following preprocessor directive - expected a newline
  The contents of <filesystem> are available only with C++17 or later.
D:\projects\OpenGLFromDocument\OpenGLFromDocument\OpenGLFromDocument\src\App.cpp(7,10): warning C4067: unexpected tokens following preprocessor directive - expected a newline
D:\projects\OpenGLFromDocument\OpenGLFromDocument\OpenGLFromDocument\src\App.cpp(11,10): warning C4067: unexpected tokens following preprocessor directive - expected a newline
D:\projects\OpenGLFromDocument\OpenGLFromDocument\OpenGLFromDocument\src\App.cpp(12,10): warning C4067: unexpected tokens following preprocessor directive - expected a newline
D:\projects\OpenGLFromDocument\OpenGLFromDocument\OpenGLFromDocument\src\App.cpp(190,22): warning C4244: 'initializing': conversion from 'double' to 'float', possible loss of data
D:\projects\OpenGLFromDocument\OpenGLFromDocument\OpenGLFromDocument\src\App.cpp(198,14): warning C4244: 'initializing': conversion from 'double' to 'float', possible loss of data
D:\projects\OpenGLFromDocument\OpenGLFromDocument\OpenGLFromDocument\src\App.cpp(199,14): warning C4244: 'initializing': conversion from 'double' to 'float', possible loss of data
D:\projects\OpenGLFromDocument\OpenGLFromDocument\OpenGLFromDocument\src\App.cpp(172,12): warning C4101: 'projection': unreferenced local variable
  Camera.cpp
D:\projects\OpenGLFromDocument\OpenGLFromDocument\OpenGLFromDocument\src\header\Camera.cpp(45,17): warning C4244: '=': conversion from 'double' to 'float', possible loss of data
D:\projects\OpenGLFromDocument\OpenGLFromDocument\OpenGLFromDocument\src\header\Camera.cpp(46,17): warning C4244: '=': conversion from 'double' to 'float', possible loss of data
D:\projects\OpenGLFromDocument\OpenGLFromDocument\OpenGLFromDocument\src\header\Camera.cpp(49,16): warning C4244: 'initializing': conversion from 'double' to 'float', possible loss of data
D:\projects\OpenGLFromDocument\OpenGLFromDocument\OpenGLFromDocument\src\header\Camera.cpp(50,16): warning C4244: 'initializing': conversion from 'double' to 'float', possible loss of data
D:\projects\OpenGLFromDocument\OpenGLFromDocument\OpenGLFromDocument\src\header\Camera.cpp(51,10): warning C4244: '=': conversion from 'double' to 'float', possible loss of data
D:\projects\OpenGLFromDocument\OpenGLFromDocument\OpenGLFromDocument\src\header\Camera.cpp(52,10): warning C4244: '=': conversion from 'double' to 'float', possible loss of data
  Generating Code...
LINK : warning LNK4098: defaultlib 'MSVCRT' conflicts with use of other libs; use /NODEFAULTLIB:library
  OpenGLFromDocument.vcxproj -> D:\projects\OpenGLFromDocument\OpenGLFromDocument\x64\Debug\OpenGLFromDocument.exe
